<?xml version="1.0" encoding="UTF-8"?>
<!-- Generated by org.testng.reporters.JUnitXMLReporter -->
<testsuite ignored="0" hostname="LAPTOP-D50246KN" failures="0" tests="5" name="Default test" time="40.71" errors="0" timestamp="16 Apr 2021 13:46:14 GMT">
  <testcase classname="com.qa.crm.tests.AccountPageTest" name="accountPageHeaderTest" time="0.044"/>
  <testcase classname="com.qa.crm.tests.AccountPageTest" name="accountAddTest" time="1.601"/>
  <testcase classname="com.qa.crm.tests.AccountPageTest" name="accountAddTest" time="1.402"/>
  <testcase classname="com.qa.crm.tests.AccountPageTest" name="accountAddTest" time="1.417"/>
  <testcase classname="com.qa.crm.tests.AccountPageTest" name="accountAddTest" time="1.483"/>
</testsuite> <!-- Default test -->
