<?xml version="1.0" encoding="UTF-8"?>
<!-- Generated by org.testng.reporters.JUnitXMLReporter -->
<testsuite ignored="0" hostname="LAPTOP-D50246KN" failures="0" tests="6" name="crm  regression Test" time="0.057" errors="0" timestamp="2021-04-18T20:54:57 IST">
  <testcase classname="com.qa.crm.tests.LoginPageTest" name="@BeforeMethod setUp" time="0.004">
    <failure type="java.lang.NullPointerException" message="Cannot invoke &amp;quot;String.equals(Object)&amp;quot; because &amp;quot;browser&amp;quot; is null">
      <![CDATA[java.lang.NullPointerException: Cannot invoke "String.equals(Object)" because "browser" is null
at com.qa.crm.base.BasePage.int_driver(BasePage.java:58)
at com.qa.crm.tests.LoginPageTest.setUp(LoginPageTest.java:26)
at java.base/java.util.ArrayList.forEach(ArrayList.java:1511)
... Removed 31 stack frames]]>
    </failure>
  </testcase> <!-- @BeforeMethod setUp -->
  <testcase classname="com.qa.crm.tests.LoginPageTest" name="@AfterMethod teamDown" time="-1.618759497623E9">
    <skipped/>
  </testcase> <!-- @AfterMethod teamDown -->
  <testcase classname="com.qa.crm.tests.LoginPageTest" name="@BeforeMethod setUp" time="-1.618759497625E9">
    <skipped/>
  </testcase> <!-- @BeforeMethod setUp -->
  <testcase classname="com.qa.crm.tests.LoginPageTest" name="@AfterMethod teamDown" time="-1.618759497627E9">
    <skipped/>
  </testcase> <!-- @AfterMethod teamDown -->
  <testcase classname="com.qa.crm.tests.LoginPageTest" name="@BeforeMethod setUp" time="-1.618759497628E9">
    <skipped/>
  </testcase> <!-- @BeforeMethod setUp -->
  <testcase classname="com.qa.crm.tests.LoginPageTest" name="@AfterMethod teamDown" time="-1.61875949763E9">
    <skipped/>
  </testcase> <!-- @AfterMethod teamDown -->
  <testcase classname="com.qa.crm.tests.LoginPageTest" name="@BeforeMethod setUp" time="-1.618759497631E9">
    <skipped/>
  </testcase> <!-- @BeforeMethod setUp -->
  <testcase classname="com.qa.crm.tests.LoginPageTest" name="@AfterMethod teamDown" time="-1.618759497634E9">
    <skipped/>
  </testcase> <!-- @AfterMethod teamDown -->
  <testcase classname="com.qa.crm.tests.HomePageTest" name="@BeforeMethod setUp" time="0.001">
    <failure type="java.lang.NullPointerException" message="Cannot invoke &amp;quot;String.equals(Object)&amp;quot; because &amp;quot;browser&amp;quot; is null">
      <![CDATA[java.lang.NullPointerException: Cannot invoke "String.equals(Object)" because "browser" is null
at com.qa.crm.base.BasePage.int_driver(BasePage.java:58)
at com.qa.crm.tests.HomePageTest.setUp(HomePageTest.java:28)
at java.base/java.util.ArrayList.forEach(ArrayList.java:1511)
... Removed 31 stack frames]]>
    </failure>
  </testcase> <!-- @BeforeMethod setUp -->
  <testcase classname="com.qa.crm.tests.HomePageTest" name="@AfterMethod tearDown" time="-1.618759497641E9">
    <skipped/>
  </testcase> <!-- @AfterMethod tearDown -->
  <testcase classname="com.qa.crm.tests.HomePageTest" name="@BeforeMethod setUp" time="-1.618759497642E9">
    <skipped/>
  </testcase> <!-- @BeforeMethod setUp -->
  <testcase classname="com.qa.crm.tests.HomePageTest" name="@AfterMethod tearDown" time="-1.618759497644E9">
    <skipped/>
  </testcase> <!-- @AfterMethod tearDown -->
  <testcase classname="com.qa.crm.tests.LoginPageTest" name="loginPageTitleTest" time="0.0">
    <skipped/>
  </testcase> <!-- loginPageTitleTest -->
  <testcase classname="com.qa.crm.tests.LoginPageTest" name="signUpLinkTest" time="0.0">
    <skipped/>
  </testcase> <!-- signUpLinkTest -->
  <testcase classname="com.qa.crm.tests.LoginPageTest" name="forgotPasswordLinkTest" time="0.0">
    <skipped/>
  </testcase> <!-- forgotPasswordLinkTest -->
  <testcase classname="com.qa.crm.tests.LoginPageTest" name="loginTest" time="0.0">
    <skipped/>
  </testcase> <!-- loginTest -->
  <testcase classname="com.qa.crm.tests.HomePageTest" name="homePageTitleTest" time="0.0">
    <skipped/>
  </testcase> <!-- homePageTitleTest -->
  <testcase classname="com.qa.crm.tests.HomePageTest" name="accounntNameTest" time="0.0">
    <skipped/>
  </testcase> <!-- accounntNameTest -->
</testsuite> <!-- crm  regression Test -->
