<?xml version="1.0" encoding="UTF-8"?>
<!-- Generated by org.testng.reporters.JUnitXMLReporter -->
<testsuite ignored="0" hostname="LAPTOP-D50246KN" failures="0" tests="4" name="crm  regression Test" time="23.314" errors="0" timestamp="2021-04-16T23:22:02 IST">
  <testcase classname="com.qa.crm.tests.LoginPageTest" name="loginPageTitleTest" time="0.047"/>
  <testcase classname="com.qa.crm.tests.LoginPageTest" name="signUpLinkTest" time="3.061"/>
  <testcase classname="com.qa.crm.tests.LoginPageTest" name="forgotPasswordLinkTest" time="1.289"/>
  <testcase classname="com.qa.crm.tests.LoginPageTest" name="loginTest" time="1.657"/>
</testsuite> <!-- crm  regression Test -->
