<?xml version="1.0" encoding="UTF-8"?>
<testng-results ignored="0" total="4" passed="4" failed="0" skipped="0">
  <reporter-output>
  </reporter-output>
  <suite started-at="2021-04-16T23:21:39 IST" name="crm Test Suite" finished-at="2021-04-16T23:22:02 IST" duration-ms="23314">
    <groups>
    </groups>
    <test started-at="2021-04-16T23:21:39 IST" name="crm  regression Test" finished-at="2021-04-16T23:22:02 IST" duration-ms="23314">
      <class name="com.qa.crm.tests.LoginPageTest">
        <test-method is-config="true" signature="setUp()[pri:0, instance:com.qa.crm.tests.LoginPageTest@3ed242a4]" started-at="2021-04-16T23:21:39 IST" name="setUp" finished-at="2021-04-16T23:21:43 IST" duration-ms="4569" status="PASS">
          <reporter-output>
          </reporter-output>
        </test-method> <!-- setUp -->
        <test-method signature="loginPageTitleTest()[pri:1, instance:com.qa.crm.tests.LoginPageTest@3ed242a4]" started-at="2021-04-16T23:21:43 IST" name="loginPageTitleTest" finished-at="2021-04-16T23:21:43 IST" duration-ms="47" status="PASS">
          <reporter-output>
          </reporter-output>
        </test-method> <!-- loginPageTitleTest -->
        <test-method is-config="true" signature="teamDown()[pri:0, instance:com.qa.crm.tests.LoginPageTest@3ed242a4]" started-at="2021-04-16T23:21:43 IST" name="teamDown" finished-at="2021-04-16T23:21:44 IST" duration-ms="658" status="PASS">
          <reporter-output>
          </reporter-output>
        </test-method> <!-- teamDown -->
        <test-method is-config="true" signature="setUp()[pri:0, instance:com.qa.crm.tests.LoginPageTest@3ed242a4]" started-at="2021-04-16T23:21:44 IST" name="setUp" finished-at="2021-04-16T23:21:47 IST" duration-ms="3045" status="PASS">
          <reporter-output>
          </reporter-output>
        </test-method> <!-- setUp -->
        <test-method signature="signUpLinkTest()[pri:2, instance:com.qa.crm.tests.LoginPageTest@3ed242a4]" started-at="2021-04-16T23:21:47 IST" name="signUpLinkTest" finished-at="2021-04-16T23:21:50 IST" duration-ms="3061" status="PASS">
          <reporter-output>
          </reporter-output>
        </test-method> <!-- signUpLinkTest -->
        <test-method is-config="true" signature="teamDown()[pri:0, instance:com.qa.crm.tests.LoginPageTest@3ed242a4]" started-at="2021-04-16T23:21:50 IST" name="teamDown" finished-at="2021-04-16T23:21:51 IST" duration-ms="640" status="PASS">
          <reporter-output>
          </reporter-output>
        </test-method> <!-- teamDown -->
        <test-method is-config="true" signature="setUp()[pri:0, instance:com.qa.crm.tests.LoginPageTest@3ed242a4]" started-at="2021-04-16T23:21:51 IST" name="setUp" finished-at="2021-04-16T23:21:54 IST" duration-ms="3190" status="PASS">
          <reporter-output>
          </reporter-output>
        </test-method> <!-- setUp -->
        <test-method signature="forgotPasswordLinkTest()[pri:3, instance:com.qa.crm.tests.LoginPageTest@3ed242a4]" started-at="2021-04-16T23:21:54 IST" name="forgotPasswordLinkTest" finished-at="2021-04-16T23:21:55 IST" duration-ms="1289" status="PASS">
          <reporter-output>
          </reporter-output>
        </test-method> <!-- forgotPasswordLinkTest -->
        <test-method is-config="true" signature="teamDown()[pri:0, instance:com.qa.crm.tests.LoginPageTest@3ed242a4]" started-at="2021-04-16T23:21:55 IST" name="teamDown" finished-at="2021-04-16T23:21:56 IST" duration-ms="643" status="PASS">
          <reporter-output>
          </reporter-output>
        </test-method> <!-- teamDown -->
        <test-method is-config="true" signature="setUp()[pri:0, instance:com.qa.crm.tests.LoginPageTest@3ed242a4]" started-at="2021-04-16T23:21:56 IST" name="setUp" finished-at="2021-04-16T23:21:59 IST" duration-ms="3347" status="PASS">
          <reporter-output>
          </reporter-output>
        </test-method> <!-- setUp -->
        <test-method signature="loginTest()[pri:4, instance:com.qa.crm.tests.LoginPageTest@3ed242a4]" started-at="2021-04-16T23:21:59 IST" name="loginTest" finished-at="2021-04-16T23:22:01 IST" duration-ms="1657" status="PASS">
          <reporter-output>
          </reporter-output>
        </test-method> <!-- loginTest -->
        <test-method is-config="true" signature="teamDown()[pri:0, instance:com.qa.crm.tests.LoginPageTest@3ed242a4]" started-at="2021-04-16T23:22:01 IST" name="teamDown" finished-at="2021-04-16T23:22:02 IST" duration-ms="1120" status="PASS">
          <reporter-output>
          </reporter-output>
        </test-method> <!-- teamDown -->
      </class> <!-- com.qa.crm.tests.LoginPageTest -->
    </test> <!-- crm  regression Test -->
  </suite> <!-- crm Test Suite -->
</testng-results>
